<?xml version="1.0" encoding="UTF-8"?>
<!-- Generated by org.testng.reporters.JUnitReportReporter -->
<testsuite hostname="Alnobl" failures="0" tests="1" name="swagLapp.localTest" time="6.405" errors="0" timestamp="2024-03-07T23:05:35 AST" skipped="0">
  <testcase classname="swagLapp.localTest" name="LoginTest" time="6.405"/>
  <system-out/>
</testsuite> <!-- swagLapp.localTest -->
