<?xml version="1.0" encoding="UTF-8"?>
<!-- Generated by org.testng.reporters.JUnitReportReporter -->
<testsuite hostname="Alnobl" failures="0" tests="1" name="swagLapp.myTestCase" time="3.556" errors="0" timestamp="2024-03-07T00:43:21 AST" skipped="0">
  <testcase classname="swagLapp.myTestCase" name="CheckTitele" time="3.556"/>
  <system-out/>
</testsuite> <!-- swagLapp.myTestCase -->
